c:\users\swree\source\repos\lexicalscanner\lexicalscanner\lexicalscanner\debug\vc142.pdb
c:\users\swree\source\repos\lexicalscanner\lexicalscanner\lexicalscanner\debug\vc142.idb
c:\users\swree\source\repos\lexicalscanner\lexicalscanner\lexicalscanner\debug\scanner.obj
c:\users\swree\source\repos\lexicalscanner\lexicalscanner\lexicalscanner\debug\parser.obj
c:\users\swree\source\repos\lexicalscanner\lexicalscanner\lexicalscanner\debug\compiler.obj
c:\users\swree\source\repos\lexicalscanner\lexicalscanner\lexicalscanner\debug\complier.obj
c:\users\swree\source\repos\lexicalscanner\lexicalscanner\lexicalscanner\debug\lexicalscanner.obj
c:\users\swree\source\repos\lexicalscanner\lexicalscanner\lexicalscanner\debug\compiler.new.obj.enc
c:\users\swree\source\repos\lexicalscanner\lexicalscanner\lexicalscanner\debug\parser.new.obj.enc
c:\users\swree\source\repos\lexicalscanner\lexicalscanner\lexicalscanner\debug\scanner.new.obj.enc
c:\users\swree\source\repos\lexicalscanner\lexicalscanner\debug\compiler.pdb
c:\users\swree\source\repos\lexicalscanner\lexicalscanner\lexicalscanner\debug\compiler.tlog\cl.command.1.tlog
c:\users\swree\source\repos\lexicalscanner\lexicalscanner\lexicalscanner\debug\compiler.tlog\cl.read.1.tlog
c:\users\swree\source\repos\lexicalscanner\lexicalscanner\lexicalscanner\debug\compiler.tlog\cl.write.1.tlog
c:\users\swree\source\repos\lexicalscanner\lexicalscanner\lexicalscanner\debug\compiler.tlog\link.2424-cvtres.read.1.tlog
c:\users\swree\source\repos\lexicalscanner\lexicalscanner\lexicalscanner\debug\compiler.tlog\link.2424-cvtres.write.1.tlog
c:\users\swree\source\repos\lexicalscanner\lexicalscanner\lexicalscanner\debug\compiler.tlog\link.2424-rc.read.1.tlog
c:\users\swree\source\repos\lexicalscanner\lexicalscanner\lexicalscanner\debug\compiler.tlog\link.2424-rc.write.1.tlog
c:\users\swree\source\repos\lexicalscanner\lexicalscanner\lexicalscanner\debug\compiler.tlog\link.2424.read.1.tlog
c:\users\swree\source\repos\lexicalscanner\lexicalscanner\lexicalscanner\debug\compiler.tlog\link.2424.write.1.tlog
c:\users\swree\source\repos\lexicalscanner\lexicalscanner\lexicalscanner\debug\compiler.tlog\link.command.1.tlog
c:\users\swree\source\repos\lexicalscanner\lexicalscanner\lexicalscanner\debug\compiler.tlog\link.read.1.tlog
c:\users\swree\source\repos\lexicalscanner\lexicalscanner\lexicalscanner\debug\compiler.tlog\link.write.1.tlog
