C:\Program Files (x86)\Microsoft Visual Studio\2019\Preview\MSBuild\Microsoft\VC\v160\Microsoft.CppBuild.targets(452,5): warning MSB8028: The intermediate directory (Debug\) contains files shared from another project (Complier.vcxproj, LexicalScanner.vcxproj).  This can lead to incorrect clean and rebuild behavior.
  codeGenerator.cpp
  compiler.cpp
  parser.cpp
  Generating Code...
C:\Users\swree\source\repos\LexicalScanner\LexicalScanner\LexicalScanner\parser.cpp(201,16) : warning C4129: ' ': unrecognized character escape sequence
C:\Users\swree\source\repos\LexicalScanner\LexicalScanner\LexicalScanner\parser.cpp(189)  : warning C4715: 'parser::programRule': not all control paths return a value
C:\Users\swree\source\repos\LexicalScanner\LexicalScanner\LexicalScanner\parser.cpp(352)  : warning C4715: 'parser::moreDeclsRule': not all control paths return a value
C:\Users\swree\source\repos\LexicalScanner\LexicalScanner\LexicalScanner\parser.cpp(413)  : warning C4715: 'parser::arrayDefRule': not all control paths return a value
C:\Users\swree\source\repos\LexicalScanner\LexicalScanner\LexicalScanner\parser.cpp(516)  : warning C4715: 'parser::indexRangeRule': not all control paths return a value
C:\Users\swree\source\repos\LexicalScanner\LexicalScanner\LexicalScanner\parser.cpp(688)  : warning C4715: 'parser::paramListsRule': not all control paths return a value
C:\Users\swree\source\repos\LexicalScanner\LexicalScanner\LexicalScanner\parser.cpp(870)  : warning C4715: 'parser::moreStatmentsRule': not all control paths return a value
C:\Users\swree\source\repos\LexicalScanner\LexicalScanner\LexicalScanner\parser.cpp(945)  : warning C4715: 'parser::structuredStatmentRule': not all control paths return a value
C:\Users\swree\source\repos\LexicalScanner\LexicalScanner\LexicalScanner\parser.cpp(1054)  : warning C4715: 'parser::casePartRule': not all control paths return a value
C:\Users\swree\source\repos\LexicalScanner\LexicalScanner\LexicalScanner\parser.cpp(1146)  : warning C4715: 'parser::whileStatmentRule': not all control paths return a value
C:\Users\swree\source\repos\LexicalScanner\LexicalScanner\LexicalScanner\parser.cpp(1188)  : warning C4715: 'parser::simpleStatmentRule': not all control paths return a value
C:\Users\swree\source\repos\LexicalScanner\LexicalScanner\LexicalScanner\parser.cpp(1444)  : warning C4715: 'parser::moreArgListRule': not all control paths return a value
C:\Users\swree\source\repos\LexicalScanner\LexicalScanner\LexicalScanner\parser.cpp(1533)  : warning C4715: 'parser::arrayIdxRule': not all control paths return a value
C:\Users\swree\source\repos\LexicalScanner\LexicalScanner\LexicalScanner\parser.cpp(1571)  : warning C4715: 'parser::relExpressionRule': not all control paths return a value
C:\Users\swree\source\repos\LexicalScanner\LexicalScanner\LexicalScanner\parser.cpp(1620)  : warning C4715: 'parser::addTermRule': not all control paths return a value
C:\Users\swree\source\repos\LexicalScanner\LexicalScanner\LexicalScanner\codeGenerator.cpp(119)  : warning C4715: 'codeGen::writeCode': not all control paths return a value
  LexicalScanner.vcxproj -> C:\Users\swree\source\repos\LexicalScanner\LexicalScanner\Debug\Compiler.exe
